2020.11.12 10:11:09 INFO  Started: Metals version 0.9.5 in workspace '/h/d7/y/er8806le-s/Desktop/w09_words/src/main/scala/nlp' for client vscode.
2020.11.12 10:11:11 INFO  time: initialize in 1.44s
2020.11.12 10:11:11 WARN  Build server is not auto-connectable.
2020.11.12 10:11:11 WARN  no build tool detected in workspace '/h/d7/y/er8806le-s/Desktop/w09_words/src/main/scala/nlp'. The most common cause for this problem is that the editor was opened in the wrong working directory, for example if you use sbt then the workspace directory should contain build.sbt. 
2020.11.12 10:11:11 WARN  no build target for: /h/d7/y/er8806le-s/Desktop/w09_words/src/main/scala/nlp/FreqMapBuilder.scala
2020.11.12 10:11:11 WARN  no build target for: /h/d7/y/er8806le-s/Desktop/w09_words/src/main/scala/nlp/Main.scala
2020.11.12 10:11:11 WARN  no build target for: /h/d7/y/er8806le-s/Desktop/w09_words/src/main/scala/nlp/Text.scala
2020.11.12 10:11:14 INFO  no build target: using presentation compiler with only scala-library
2020.11.12 10:16:41 WARN  no build target for: /h/d7/y/er8806le-s/Desktop/w09_words/src/main/scala/nlp/FreqMapBuilder.scala
2020.11.12 10:17:57 WARN  no build tool detected in workspace '/h/d7/y/er8806le-s/Desktop/w09_words/src/main/scala/nlp'. The most common cause for this problem is that the editor was opened in the wrong working directory, for example if you use sbt then the workspace directory should contain build.sbt. 
2020.11.12 10:17:57 WARN  no build target for: /h/d7/y/er8806le-s/Desktop/w09_words/src/main/scala/nlp/Text.scala
2020.11.12 10:18:10 WARN  no build target for: /h/d7/y/er8806le-s/Desktop/w09_words/src/main/scala/nlp/Text.scala
2020.11.12 10:20:32 WARN  no build target for: /h/d7/y/er8806le-s/Desktop/w09_words/src/main/scala/nlp/Text.scala
2020.11.12 10:31:11 WARN  no build target for: /h/d7/y/er8806le-s/Desktop/w09_words/src/main/scala/nlp/Text.scala
2020.11.12 10:33:10 WARN  no build target for: /h/d7/y/er8806le-s/Desktop/w09_words/src/main/scala/nlp/Text.scala
something's wrong: no file:///h/d7/y/er8806le-s/Desktop/w09_words/src/main/scala/nlp/Text.scala in Map[String,Map[String,Int]]RangePosition(file:///h/d7/y/er8806le-s/Desktop/w09_words/src/main/scala/nlp/Text.scala, 625, 625, 654)
2020.11.12 10:37:26 WARN  no build target for: /h/d7/y/er8806le-s/Desktop/w09_words/src/main/scala/nlp/Text.scala
2020.11.12 10:37:35 WARN  no build target for: /h/d7/y/er8806le-s/Desktop/w09_words/src/main/scala/nlp/Text.scala
2020.11.12 10:37:48 WARN  no build target for: /h/d7/y/er8806le-s/Desktop/w09_words/src/main/scala/nlp/Text.scala
2020.11.12 10:38:26 WARN  no build target for: /h/d7/y/er8806le-s/Desktop/w09_words/src/main/scala/nlp/Text.scala
2020.11.12 10:39:34 WARN  no build target for: /h/d7/y/er8806le-s/Desktop/w09_words/src/main/scala/nlp/Text.scala
2020.11.12 10:40:05 WARN  no build target for: /h/d7/y/er8806le-s/Desktop/w09_words/src/main/scala/nlp/Text.scala
2020.11.12 10:40:25 WARN  no build target for: /h/d7/y/er8806le-s/Desktop/w09_words/src/main/scala/nlp/Text.scala
2020.11.12 10:40:58 WARN  no build target for: /h/d7/y/er8806le-s/Desktop/w09_words/src/main/scala/nlp/Text.scala
2020.11.12 10:58:28 WARN  no build target for: /h/d7/y/er8806le-s/Desktop/w09_words/src/main/scala/nlp/Text.scala
2020.11.12 10:58:59 WARN  no build target for: /h/d7/y/er8806le-s/Desktop/w09_words/src/main/scala/nlp/Text.scala
2020.11.12 11:00:42 WARN  no build target for: /h/d7/y/er8806le-s/Desktop/w09_words/src/main/scala/nlp/Text.scala
2020.11.12 11:00:59 WARN  no build target for: /h/d7/y/er8806le-s/Desktop/w09_words/src/main/scala/nlp/Text.scala
2020.11.12 11:01:32 WARN  no build target for: /h/d7/y/er8806le-s/Desktop/w09_words/src/main/scala/nlp/Text.scala
2020.11.12 11:05:20 WARN  no build target for: /h/d7/y/er8806le-s/Desktop/w09_words/src/main/scala/nlp/Text.scala
2020.11.12 11:05:49 WARN  no build target for: /h/d7/y/er8806le-s/Desktop/w09_words/src/main/scala/nlp/Text.scala
2020.11.12 11:06:39 WARN  no build target for: /h/d7/y/er8806le-s/Desktop/w09_words/src/main/scala/nlp/Text.scala
2020.11.12 11:13:52 WARN  no build target for: /h/d7/y/er8806le-s/Desktop/w09_words/src/main/scala/nlp/Text.scala
2020.11.12 11:13:57 INFO  shutting down Metals
