2020.11.12 11:14:38 INFO  Started: Metals version 0.9.5 in workspace '/h/d7/y/er8806le-s/Desktop/w09_words' for client vscode.
2020.11.12 11:14:40 INFO  time: initialize in 1.53s
2020.11.12 11:14:40 WARN  Build server is not auto-connectable.
2020.11.12 11:14:49 WARN  no build target for: /h/d7/y/er8806le-s/Desktop/w09_words/src/main/scala/nlp/FreqMapBuilder.scala
2020.11.12 11:14:52 INFO  no build target: using presentation compiler with only scala-library
2020.11.12 11:14:52 WARN  no build target for: /h/d7/y/er8806le-s/Desktop/w09_words/src/main/scala/nlp/Text.scala
Nov 12, 2020 11:14:52 AM org.eclipse.lsp4j.jsonrpc.RemoteEndpoint handleCancellation
WARNING: Unmatched cancel notification for request id 5
2020.11.12 11:14:52 WARN  no build target for: /h/d7/y/er8806le-s/Desktop/w09_words/src/main/scala/nlp/Main.scala
Nov 12, 2020 11:14:52 AM org.eclipse.lsp4j.jsonrpc.RemoteEndpoint handleCancellation
WARNING: Unmatched cancel notification for request id 12
Nov 12, 2020 11:14:52 AM org.eclipse.lsp4j.jsonrpc.RemoteEndpoint handleCancellation
WARNING: Unmatched cancel notification for request id 7
Nov 12, 2020 11:15:32 AM org.eclipse.lsp4j.jsonrpc.services.GenericEndpoint notify
INFO: Unsupported notification method: $/setTraceNotification
something's wrong: no file:///h/d7/y/er8806le-s/Desktop/w09_words/src/main/scala/nlp/Text.scala in Map[Int,Set[String]]RangePosition(file:///h/d7/y/er8806le-s/Desktop/w09_words/src/main/scala/nlp/Text.scala, 574, 574, 595)
Nov 12, 2020 11:34:19 AM org.eclipse.lsp4j.jsonrpc.RemoteEndpoint handleCancellation
WARNING: Unmatched cancel notification for request id 112
2020.11.12 11:53:59 WARN  no build target for: /h/d7/y/er8806le-s/Desktop/w09_words/src/main/scala/nlp/Text.scala
2020.11.12 11:54:41 WARN  code navigation does not work for the file '/h/d7/y/er8806le-s/Desktop/w09_words/src/main/scala/nlp/Text.scala' because it doesn't belong to a build target.
2020.11.12 11:54:41 WARN  code navigation does not work for the file '/h/d7/y/er8806le-s/Desktop/w09_words/src/main/scala/nlp/Text.scala' because it doesn't belong to a build target.
2020.11.12 11:54:41 WARN  no build target for: /h/d7/y/er8806le-s/Desktop/w09_words/src/main/scala/nlp/Text.scala
2020.11.12 11:55:21 WARN  no build target for: /h/d7/y/er8806le-s/Desktop/w09_words/src/main/scala/nlp/Text.scala
2020.11.12 11:57:22 WARN  no build target for: /h/d7/y/er8806le-s/Desktop/w09_words/src/main/scala/nlp/Text.scala
2020.11.12 11:57:37 WARN  no build target for: /h/d7/y/er8806le-s/Desktop/w09_words/src/main/scala/nlp/Text.scala
2020.11.12 11:58:04 INFO  shutting down Metals
2020.11.12 11:58:16 INFO  Started: Metals version 0.9.5 in workspace '/h/d7/y/er8806le-s/Desktop/w09_words' for client vscode.
2020.11.12 11:58:18 INFO  time: initialize in 1.63s
2020.11.12 11:58:18 WARN  Build server is not auto-connectable.
2020.11.12 11:58:18 WARN  no build target for: /h/d7/y/er8806le-s/Desktop/w09_words/src/main/scala/nlp/Text.scala
2020.11.12 11:58:19 INFO  skipping build import with status 'Requested'
2020.11.12 11:58:21 INFO  no build target: using presentation compiler with only scala-library
2020.11.12 11:58:49 WARN  no build target for: /h/d7/y/er8806le-s/Desktop/w09_words/src/main/scala/nlp/Main.scala
2020.11.12 12:10:56 WARN  no build target for: /h/d7/y/er8806le-s/Desktop/w09_words/src/main/scala/nlp/Main.scala
2020.11.12 12:10:56 WARN  no build target for: /h/d7/y/er8806le-s/Desktop/w09_words/src/main/scala/nlp/Main.scala
2020.11.12 12:10:56 WARN  no build target for: /h/d7/y/er8806le-s/Desktop/w09_words/src/main/scala/nlp/Main.scala
2020.11.12 12:10:57 WARN  no build target for: /h/d7/y/er8806le-s/Desktop/w09_words/src/main/scala/nlp/Main.scala
2020.11.12 12:10:57 WARN  no build target for: /h/d7/y/er8806le-s/Desktop/w09_words/src/main/scala/nlp/Main.scala
2020.11.12 12:13:35 WARN  no build target for: /h/d7/y/er8806le-s/Desktop/w09_words/src/main/scala/nlp/Main.scala
